
--2008-12-09 16:09:55--  http://www.reuters.com/finance/stocks/overview?symbol=ACCP.PA
Resolving www.reuters.com... 216.35.67.135
Connecting to www.reuters.com|216.35.67.135|:80... connected.
HTTP request sent, awaiting response... 200 OK
Length: unspecified [text/html]
Saving to: `runtime.txt'

     0K .......... .......... .......... .......... .......... 4.28K
    50K .......... ...                                         2.85K=16s

2008-12-09 16:10:13 (3.86 KB/s) - `runtime.txt' saved [65256]

--2008-12-09 16:10:17--  http://www.reuters.com/finance/stocks/overview?symbol=CARG.PA
Resolving www.reuters.com... 216.35.67.135
Connecting to www.reuters.com|216.35.67.135|:80... connected.
HTTP request sent, awaiting response... 302 Moved Temporarily
Location: http://www.reuters.com/finance/stocks/stocks?searchType=symbol&search=CARG.PA [following]
--2008-12-09 16:10:18--  http://www.reuters.com/finance/stocks/stocks?searchType=symbol&search=CARG.PA
Reusing existing connection to www.reuters.com:80.
HTTP request sent, awaiting response... 200 OK
Length: unspecified [text/html]
Saving to: `runtime.txt'

     0K .......... .......... .......... .......... .......... 4.62K
    50K .                                                      2.42K=11s

2008-12-09 16:10:30 (4.49 KB/s) - `runtime.txt' saved [52827]

--2008-12-09 16:10:33--  http://www.reuters.com/finance/stocks/overview?symbol=AIRF.PA
Resolving www.reuters.com... 216.35.67.135
Connecting to www.reuters.com|216.35.67.135|:80... connected.
HTTP request sent, awaiting response... 200 OK
Length: unspecified [text/html]
Saving to: `runtime.txt'

     0K .......... .......... .......... .......... .......... 3.82K
    50K ......                                                 51.4K=13s

2008-12-09 16:10:53 (4.30 KB/s) - Read error at byte 58206 (Connection reset by peer).Retrying.

--2008-12-09 16:10:53--  (try: 2)  http://www.reuters.com/finance/stocks/overview?symbol=AIRF.PA
Connecting to www.reuters.com|216.35.67.135|:80... connected.
HTTP request sent, awaiting response... 200 OK
Length: unspecified [text/html]
Saving to: `runtime.txt'

     0K .......... .......... .......... .......... .......... 87% 5.70K 1s
    50K .......... ...                                        111% 3.08K=13s

2008-12-09 16:11:06 (4.84 KB/s) - `runtime.txt' saved [64822]

--2008-12-09 16:11:09--  http://www.reuters.com/finance/stocks/overview?symbol=AIRP.PA
Resolving www.reuters.com... 216.35.67.135
Connecting to www.reuters.com|216.35.67.135|:80... connected.
HTTP request sent, awaiting response... 200 OK
Length: unspecified [text/html]
Saving to: `runtime.txt'

     0K .......... .......... .......... .......... .......... 4.97K
    50K .......... ...                                         4.60K=13s

2008-12-09 16:11:24 (4.89 KB/s) - `runtime.txt' saved [65225]

--2008-12-09 16:11:27--  http://www.reuters.com/finance/stocks/overview?symbol=ALSO.PA
Resolving www.reuters.com... 216.35.67.135
Connecting to www.reuters.com|216.35.67.135|:80... connected.
HTTP request sent, awaiting response... 200 OK
Length: unspecified [text/html]
Saving to: `runtime.txt'

     0K .......... .......... .......... .......... .......... 4.46K
    50K .......... ...                                         4.10K=14s

2008-12-09 16:11:43 (4.38 KB/s) - `runtime.txt' saved [64520]

--2008-12-09 16:11:45--  http://www.reuters.com/finance/stocks/overview?symbol=ALUA.PA
Resolving www.reuters.com... 216.35.67.135
Connecting to www.reuters.com|216.35.67.135|:80... connected.
HTTP request sent, awaiting response... 200 OK
Length: unspecified [text/html]
Saving to: `runtime.txt'

     0K .......... .......... .......... .......... .......... 4.17K
    50K .......... ......                                      6.22K=15s

2008-12-09 16:12:02 (4.53 KB/s) - `runtime.txt' saved [67748]

--2008-12-09 16:12:05--  http://www.reuters.com/finance/stocks/overview?symbol=BNPP.PA
Resolving www.reuters.com... 216.35.67.135
Connecting to www.reuters.com|216.35.67.135|:80... connected.
HTTP request sent, awaiting response... 200 OK
Length: unspecified [text/html]
Saving to: `runtime.txt'

     0K .......... .......... .......... .......... .......... 5.26K
    50K .......... ...                                         3.41K=13s

2008-12-09 16:12:19 (4.72 KB/s) - `runtime.txt' saved [64942]

--2008-12-09 16:12:22--  http://www.reuters.com/finance/stocks/overview?symbol=CARR.PA
Resolving www.reuters.com... 216.35.67.135
Connecting to www.reuters.com|216.35.67.135|:80... connected.
HTTP request sent, awaiting response... 200 OK
Length: unspecified [text/html]
Saving to: `runtime.txt'

     0K .......... .......... .......... .......... .......... 5.57K
    50K .......... ...                                         6.38K=11s

2008-12-09 16:12:35 (5.73 KB/s) - `runtime.txt' saved [65237]

--2008-12-09 16:12:37--  http://www.reuters.com/finance/stocks/overview?symbol=CAPP.PA
Resolving www.reuters.com... 216.35.67.135
Connecting to www.reuters.com|216.35.67.135|:80... connected.
HTTP request sent, awaiting response... 200 OK
Length: unspecified [text/html]
Saving to: `runtime.txt'

     0K .......... .......... .......... .......... .......... 5.68K
    50K .......... ...                                         4.06K=12s

2008-12-09 16:12:51 (5.24 KB/s) - `runtime.txt' saved [64938]

--2008-12-09 16:12:53--  http://www.reuters.com/finance/stocks/overview?symbol=DIOR.PA
Resolving www.reuters.com... 216.35.67.135
Connecting to www.reuters.com|216.35.67.135|:80... connected.
HTTP request sent, awaiting response... 200 OK
Length: unspecified [text/html]
Saving to: `runtime.txt'

     0K .......... .......... .......... .......... .......... 6.01K
    50K .......... ..                                          4.23K=11s

2008-12-09 16:13:10 (5.53 KB/s) - `runtime.txt' saved [64463]

--2008-12-09 16:13:13--  http://www.reuters.com/finance/stocks/overview?symbol=CNPP.PA
Resolving www.reuters.com... 216.35.67.135
Connecting to www.reuters.com|216.35.67.135|:80... connected.
HTTP request sent, awaiting response... 200 OK
Length: unspecified [text/html]
Saving to: `runtime.txt'

     0K .......... .......... .......... .......... .......... 3.67K
    50K .......... ..                                          47.1K=14s

2008-12-09 16:13:33 (4.50 KB/s) - Read error at byte 64046 (Connection reset by peer).Retrying.

--2008-12-09 16:13:33--  (try: 2)  http://www.reuters.com/finance/stocks/overview?symbol=CNPP.PA
Connecting to www.reuters.com|216.35.67.135|:80... connected.
HTTP request sent, awaiting response... 200 OK
Length: unspecified [text/html]
Saving to: `runtime.txt'

     0K .......... .......... .......... .......... .......... 79% 4.64K 3s
    50K .......... ...                                        101% 5.21K=13s

2008-12-09 16:13:46 (4.75 KB/s) - `runtime.txt' saved [65081]

--2008-12-09 16:13:49--  http://www.reuters.com/finance/stocks/overview?symbol=CASP.PA
Resolving www.reuters.com... 216.35.67.135
Connecting to www.reuters.com|216.35.67.135|:80... connected.
HTTP request sent, awaiting response... 200 OK
Length: unspecified [text/html]
Saving to: `runtime.txt'

     0K .......... .......... .......... .......... .......... 6.37K
    50K .......... ...                                         2.91K=13s

2008-12-09 16:14:03 (5.07 KB/s) - `runtime.txt' saved [65288]

--2008-12-09 16:14:05--  http://www.reuters.com/finance/stocks/overview?symbol=AXAF.PA
Resolving www.reuters.com... 216.35.67.135
Connecting to www.reuters.com|216.35.67.135|:80... connected.
HTTP request sent, awaiting response... 200 OK
Length: unspecified [text/html]
Saving to: `runtime.txt'

     0K .......... .......... .......... .......... .......... 5.40K
    50K .......... ...                                         4.21K=12s

2008-12-09 16:14:19 (5.10 KB/s) - `runtime.txt' saved [64865]

--2008-12-09 16:14:22--  http://www.reuters.com/finance/stocks/overview?symbol=SGEF.PA
Resolving www.reuters.com... 216.35.67.135
Connecting to www.reuters.com|216.35.67.135|:80... connected.
HTTP request sent, awaiting response... 200 OK
Length: unspecified [text/html]
Saving to: `runtime.txt'

     0K .......... .......... .......... .......... .......... 4.72K
    50K .......... ...                                         3.94K=14s

2008-12-09 16:14:37 (4.53 KB/s) - `runtime.txt' saved [65322]

--2008-12-09 16:14:40--  http://www.reuters.com/finance/stocks/overview?symbol=DAST.PA
Resolving www.reuters.com... 216.35.67.135
Connecting to www.reuters.com|216.35.67.135|:80... connected.
HTTP request sent, awaiting response... 200 OK
Length: unspecified [text/html]
Saving to: `runtime.txt'

     0K .......... .......... .......... .......... .......... 4.07K
    50K .......... ...                                         6.61K=14s

2008-12-09 16:14:56 (4.44 KB/s) - `runtime.txt' saved [65256]

--2008-12-09 16:14:58--  http://www.reuters.com/finance/stocks/overview?symbol=DEXI.PA
Resolving www.reuters.com... 216.35.67.135
Connecting to www.reuters.com|216.35.67.135|:80... connected.
HTTP request sent, awaiting response... 200 OK
Length: unspecified [text/html]
Saving to: `runtime.txt'

     0K .......... .......... .......... .......... .......... 4.70K
    50K .......... ...                                         3.87K=14s

2008-12-09 16:15:15 (4.49 KB/s) - `runtime.txt' saved [65168]

--2008-12-09 16:15:17--  http://www.reuters.com/finance/stocks/overview?symbol=EAD.PA
Resolving www.reuters.com... 216.35.67.135
Connecting to www.reuters.com|216.35.67.135|:80... connected.
HTTP request sent, awaiting response... 200 OK
Length: unspecified [text/html]
Saving to: `runtime.txt'

     0K .......... .......... .......... .......... .......... 5.85K
    50K .......... ...                                         5.62K=11s

2008-12-09 16:15:31 (5.80 KB/s) - `runtime.txt' saved [65061]

--2008-12-09 16:15:34--  http://www.reuters.com/finance/stocks/overview?symbol=EDF.PA
Resolving www.reuters.com... 216.35.67.135
Connecting to www.reuters.com|216.35.67.135|:80... connected.
HTTP request sent, awaiting response... 200 OK
Length: unspecified [text/html]
Saving to: `runtime.txt'

     0K .......... .......... ....